<?xml version="1.0" encoding="UTF-8"?>
<!-- Generated by org.testng.reporters.JUnitReportReporter -->
<testsuite hostname="Leonardo-PC" failures="0" tests="6" name="ValidateUsersEndpoint" time="4.653" errors="0" timestamp="2022-01-19T17:08:39 ART" skipped="0">
  <testcase classname="ValidateUsersEndpoint" name="whenValidateResponseTime_thenSuccess" time="0.498"/>
  <system-out/>
  <testcase classname="ValidateUsersEndpoint" name="basicResponseTest" time="1.237"/>
  <system-out/>
  <testcase classname="ValidateUsersEndpoint" name="whenLogResponse_thenOK" time="0.493"/>
  <system-out/>
  <testcase classname="ValidateUsersEndpoint" name="schemaValidation" time="0.781"/>
  <system-out/>
  <testcase classname="ValidateUsersEndpoint" name="testHeaders" time="0.774"/>
  <system-out/>
  <testcase classname="ValidateUsersEndpoint" name="testDataFields" time="0.870"/>
  <system-out/>
</testsuite> <!-- ValidateUsersEndpoint -->
