<?xml version="1.0" encoding="UTF-8"?>
<!-- Generated by org.testng.reporters.JUnitReportReporter -->
<testsuite hostname="Leonardo-PC" failures="0" tests="4" name="endpointTest" time="3.936" errors="0" timestamp="2022-01-19T13:44:27 ART" skipped="0">
  <testcase classname="endpointTest" name="whenLogResponse_thenOK" time="0.514"/>
  <system-out/>
  <testcase classname="endpointTest" name="basicTest" time="1.849"/>
  <system-out/>
  <testcase classname="endpointTest" name="whenValidateResponseTime_thenSuccess" time="0.527"/>
  <system-out/>
  <testcase classname="endpointTest" name="testDataFields" time="1.046"/>
  <system-out/>
</testsuite> <!-- endpointTest -->
